This is DVItype, Version 3.6 for Linux
Options selected:
  Starting page = *
  Maximum number of pages = 1000000
  Output level = 4 (the works)
  Resolution = 600.00000000 pixels per inch
  New magnification factor =    2.000
numerator/denominator=25400000/473628672
magnification=2000;       0.00025336 pixels per DVI unit
' TeX output 2000.04.30:1633'
Postamble starts at byte 133.
maxv=43725786, maxh=30785863, maxstackdepth=2, totalpages=1
Font 0: cmr10 scaled 2000---loaded at size 655360 DVI units
 (this font is magnified 200%)

42: beginning of page 1
87: push
level 0:(h=0,v=0,w=0,x=0,y=0,z=0,hh=0,vv=0)
88: down3 -917504 v:=0-917504=-917504, vv:=-232
92: pop
level 0:(h=0,v=0,w=0,x=0,y=0,z=0,hh=0,vv=0)
93: down4 42152922 v:=0+42152922=42152922, vv:=10680
98: down3 1572864 v:=42152922+1572864=43725786, vv:=11078
102: push
level 0:(h=0,v=43725786,w=0,x=0,y=0,z=0,hh=0,vv=11078)
103: right4 15229091 h:=0+15229091=15229091, hh:=3858
[ ]
108: fntdef1 0: cmr10
129: fntnum0 current font is cmr10
130: setchar49 h:=15229091+327681=15556772, hh:=3941
[1]
131: pop
level 0:(h=0,v=43725786,w=0,x=0,y=0,z=0,hh=0,vv=11078)
132: eop
